<?xml version="1.0" encoding="UTF-8"?>
<testng-results ignored="0" total="1" passed="1" failed="0" skipped="0">
  <reporter-output>
  </reporter-output>
  <suite started-at="2023-11-24T05:45:59 IST" name="Default suite" finished-at="2023-11-24T05:46:51 IST" duration-ms="51921">
    <groups>
    </groups>
    <test started-at="2023-11-24T05:45:59 IST" name="Default test" finished-at="2023-11-24T05:46:51 IST" duration-ms="51921">
      <class name="Working_with_extent.add_screenshot_in_extentreport">
        <test-method signature="screenshot()[pri:0, instance:Working_with_extent.add_screenshot_in_extentreport@25641d39]" started-at="2023-11-24T05:45:59 IST" name="screenshot" finished-at="2023-11-24T05:46:51 IST" duration-ms="51856" status="PASS">
          <reporter-output>
          </reporter-output>
        </test-method> <!-- screenshot -->
      </class> <!-- Working_with_extent.add_screenshot_in_extentreport -->
    </test> <!-- Default test -->
  </suite> <!-- Default suite -->
</testng-results>
